<?xml version="1.0" encoding="UTF-8"?>
<testsuite name="com.example.UnitTest" tests="3" skipped="0" failures="0" errors="0" timestamp="2025-05-13T10:56:23" hostname="DESKTOP-SLL5FKF" time="1.233">
  <properties/>
  <testcase name="valid email should return true" classname="com.example.UnitTest" time="1.076"/>
  <testcase name="non-existent domain should return false" classname="com.example.UnitTest" time="0.156"/>
  <testcase name="invalid email format should return false" classname="com.example.UnitTest" time="0.0"/>
  <system-out><![CDATA[]]></system-out>
  <system-err><![CDATA[]]></system-err>
</testsuite>
